2021-05-30 20:42:32.214  INFO 13972 --- [main] com.lyh.community.CommunityApplication   : Starting CommunityApplication using Java 1.8.0_261 on LAPTOP-RLF9BIAO with PID 13972 (D:\community\target\classes started by 李泳昊 in D:\community)
2021-05-30 20:42:32.221  INFO 13972 --- [main] com.lyh.community.CommunityApplication   : No active profile set, falling back to default profiles: default
2021-05-30 20:42:32.985  INFO 13972 --- [main] .s.d.r.c.RepositoryConfigurationDelegate : Multiple Spring Data modules found, entering strict repository configuration mode!
2021-05-30 20:42:32.987  INFO 13972 --- [main] .s.d.r.c.RepositoryConfigurationDelegate : Bootstrapping Spring Data Redis repositories in DEFAULT mode.
2021-05-30 20:42:33.017  INFO 13972 --- [main] .s.d.r.c.RepositoryConfigurationDelegate : Finished Spring Data repository scanning in 9 ms. Found 0 Redis repository interfaces.
2021-05-30 20:42:33.631  INFO 13972 --- [main] o.s.b.w.embedded.tomcat.TomcatWebServer  : Tomcat initialized with port(s): 8989 (http)
2021-05-30 20:42:33.641  INFO 13972 --- [main] o.apache.catalina.core.StandardService   : Starting service [Tomcat]
2021-05-30 20:42:33.641  INFO 13972 --- [main] org.apache.catalina.core.StandardEngine  : Starting Servlet engine: [Apache Tomcat/9.0.45]
2021-05-30 20:42:33.794  INFO 13972 --- [main] o.a.c.c.C.[Tomcat].[localhost].[/]       : Initializing Spring embedded WebApplicationContext
2021-05-30 20:42:33.794  INFO 13972 --- [main] w.s.c.ServletWebServerApplicationContext : Root WebApplicationContext: initialization completed in 1510 ms
2021-05-30 20:42:36.498  INFO 13972 --- [main] o.s.b.w.embedded.tomcat.TomcatWebServer  : Tomcat started on port(s): 8989 (http) with context path ''
2021-05-30 20:42:36.512  INFO 13972 --- [main] com.lyh.community.CommunityApplication   : Started CommunityApplication in 4.941 seconds (JVM running for 6.248)
2021-05-30 20:43:28.178  INFO 13972 --- [http-nio-8989-exec-1] o.a.c.c.C.[Tomcat].[localhost].[/]       : Initializing Spring DispatcherServlet 'dispatcherServlet'
2021-05-30 20:43:28.178  INFO 13972 --- [http-nio-8989-exec-1] o.s.web.servlet.DispatcherServlet        : Initializing Servlet 'dispatcherServlet'
2021-05-30 20:43:28.181  INFO 13972 --- [http-nio-8989-exec-1] o.s.web.servlet.DispatcherServlet        : Completed initialization in 1 ms
2021-05-30 20:43:28.387  INFO 13972 --- [http-nio-8989-exec-1] com.zaxxer.hikari.HikariDataSource       : community - Starting...
2021-05-30 20:43:29.337  INFO 13972 --- [http-nio-8989-exec-1] com.zaxxer.hikari.HikariDataSource       : community - Start completed.
2021-05-30 20:48:06.120  INFO 7648 --- [main] com.lyh.community.CommunityApplication   : Starting CommunityApplication using Java 1.8.0_261 on LAPTOP-RLF9BIAO with PID 7648 (D:\community\target\classes started by 李泳昊 in D:\community)
2021-05-30 20:48:06.124  INFO 7648 --- [main] com.lyh.community.CommunityApplication   : No active profile set, falling back to default profiles: default
2021-05-30 20:48:06.708  INFO 7648 --- [main] .s.d.r.c.RepositoryConfigurationDelegate : Multiple Spring Data modules found, entering strict repository configuration mode!
2021-05-30 20:48:06.708  INFO 7648 --- [main] .s.d.r.c.RepositoryConfigurationDelegate : Bootstrapping Spring Data Redis repositories in DEFAULT mode.
2021-05-30 20:48:06.740  INFO 7648 --- [main] .s.d.r.c.RepositoryConfigurationDelegate : Finished Spring Data repository scanning in 9 ms. Found 0 Redis repository interfaces.
2021-05-30 20:48:07.189  INFO 7648 --- [main] o.s.b.w.embedded.tomcat.TomcatWebServer  : Tomcat initialized with port(s): 8989 (http)
2021-05-30 20:48:07.189  INFO 7648 --- [main] o.apache.catalina.core.StandardService   : Starting service [Tomcat]
2021-05-30 20:48:07.189  INFO 7648 --- [main] org.apache.catalina.core.StandardEngine  : Starting Servlet engine: [Apache Tomcat/9.0.45]
2021-05-30 20:48:07.305  INFO 7648 --- [main] o.a.c.c.C.[Tomcat].[localhost].[/]       : Initializing Spring embedded WebApplicationContext
2021-05-30 20:48:07.306  INFO 7648 --- [main] w.s.c.ServletWebServerApplicationContext : Root WebApplicationContext: initialization completed in 1130 ms
2021-05-30 20:48:09.536  INFO 7648 --- [main] o.s.b.w.embedded.tomcat.TomcatWebServer  : Tomcat started on port(s): 8989 (http) with context path ''
2021-05-30 20:48:09.546  INFO 7648 --- [main] com.lyh.community.CommunityApplication   : Started CommunityApplication in 3.831 seconds (JVM running for 4.901)
2021-05-30 20:48:14.831  INFO 7648 --- [http-nio-8989-exec-1] o.a.c.c.C.[Tomcat].[localhost].[/]       : Initializing Spring DispatcherServlet 'dispatcherServlet'
2021-05-30 20:48:14.831  INFO 7648 --- [http-nio-8989-exec-1] o.s.web.servlet.DispatcherServlet        : Initializing Servlet 'dispatcherServlet'
2021-05-30 20:48:14.831  INFO 7648 --- [http-nio-8989-exec-1] o.s.web.servlet.DispatcherServlet        : Completed initialization in 0 ms
2021-05-30 20:48:14.899  INFO 7648 --- [http-nio-8989-exec-1] com.zaxxer.hikari.HikariDataSource       : community - Starting...
2021-05-30 20:48:15.465  INFO 7648 --- [http-nio-8989-exec-1] com.zaxxer.hikari.HikariDataSource       : community - Start completed.
